0 info it worked if it ends with ok
1 verbose cli [ 'C:\\Program Files\\nodejs\\node.exe',
1 verbose cli   'C:\\Program Files\\nodejs\\node_modules\\npm\\bin\\npm-cli.js',
1 verbose cli   'run',
1 verbose cli   'server' ]
2 info using npm@3.10.8
3 info using node@v6.9.1
4 verbose run-script [ 'preserver', 'server', 'postserver' ]
5 info lifecycle GasGasGas@0.0.1~preserver: GasGasGas@0.0.1
6 silly lifecycle GasGasGas@0.0.1~preserver: no script for preserver, continuing
7 info lifecycle GasGasGas@0.0.1~server: GasGasGas@0.0.1
8 verbose lifecycle GasGasGas@0.0.1~server: unsafe-perm in lifecycle true
9 verbose lifecycle GasGasGas@0.0.1~server: PATH: C:\Program Files\nodejs\node_modules\npm\bin\node-gyp-bin;C:\Users\geelo\Dropbox\HI-Skoli\06V2017\CS_Lokaverkefni\gasgasgas\node_modules\.bin;C:\Program Files\nodejs\node_modules\npm\bin\node-gyp-bin;C:\Users\geelo\Dropbox\HI-Skoli\06V2017\CS_Lokaverkefni\gasgasgas\node_modules\.bin;C:\Program Files\Java\jdk1.8.0_101\bin;C:\ProgramData\Oracle\Java\javapath;C:\Program Files (x86)\Intel\iCLS Client\;C:\Program Files\Intel\iCLS Client\;C:\Windows\system32;C:\Windows;C:\Windows\System32\Wbem;C:\Windows\System32\WindowsPowerShell\v1.0\;C:\Program Files (x86)\Intel\Intel(R) Management Engine Components\DAL;C:\Program Files\Intel\Intel(R) Management Engine Components\DAL;C:\Program Files (x86)\Intel\Intel(R) Management Engine Components\IPT;C:\Program Files\Intel\Intel(R) Management Engine Components\IPT;C:\Program Files (x86)\NVIDIA Corporation\PhysX\Common;C:\WINDOWS\system32;C:\WINDOWS;C:\WINDOWS\System32\Wbem;C:\WINDOWS\System32\WindowsPowerShell\v1.0\;C:\Program Files (x86)\Skype\Phone\;C:\Program Files\Git\cmd;C:\Program Files\nodejs\;C:\Program Files (x86)\Heroku\bin;C:\Program Files (x86)\git\cmd;C:\Program Files (x86)\Git\cmd;C:\Users\geelo\AppData\Local\atom\bin;C:\Users\geelo\AppData\Local\Microsoft\WindowsApps;C:\Users\geelo\AppData\Roaming\npm;C:\Program Files\PostgreSQL\9.5\bin
10 verbose lifecycle GasGasGas@0.0.1~server: CWD: C:\Users\geelo\Dropbox\HI-Skoli\06V2017\CS_Lokaverkefni\gasgasgas
11 silly lifecycle GasGasGas@0.0.1~server: Args: [ '/d /s /c', 'babel-node ./server/server.js' ]
12 silly lifecycle GasGasGas@0.0.1~server: Returned: code: 1  signal: null
13 info lifecycle GasGasGas@0.0.1~server: Failed to exec server script
14 verbose stack Error: GasGasGas@0.0.1 server: `babel-node ./server/server.js`
14 verbose stack Exit status 1
14 verbose stack     at EventEmitter.<anonymous> (C:\Program Files\nodejs\node_modules\npm\lib\utils\lifecycle.js:255:16)
14 verbose stack     at emitTwo (events.js:106:13)
14 verbose stack     at EventEmitter.emit (events.js:191:7)
14 verbose stack     at ChildProcess.<anonymous> (C:\Program Files\nodejs\node_modules\npm\lib\utils\spawn.js:40:14)
14 verbose stack     at emitTwo (events.js:106:13)
14 verbose stack     at ChildProcess.emit (events.js:191:7)
14 verbose stack     at maybeClose (internal/child_process.js:877:16)
14 verbose stack     at Process.ChildProcess._handle.onexit (internal/child_process.js:226:5)
15 verbose pkgid GasGasGas@0.0.1
16 verbose cwd C:\Users\geelo\Dropbox\HI-Skoli\06V2017\CS_Lokaverkefni\gasgasgas
17 error Windows_NT 10.0.14393
18 error argv "C:\\Program Files\\nodejs\\node.exe" "C:\\Program Files\\nodejs\\node_modules\\npm\\bin\\npm-cli.js" "run" "server"
19 error node v6.9.1
20 error npm  v3.10.8
21 error code ELIFECYCLE
22 error GasGasGas@0.0.1 server: `babel-node ./server/server.js`
22 error Exit status 1
23 error Failed at the GasGasGas@0.0.1 server script 'babel-node ./server/server.js'.
23 error Make sure you have the latest version of node.js and npm installed.
23 error If you do, this is most likely a problem with the GasGasGas package,
23 error not with npm itself.
23 error Tell the author that this fails on your system:
23 error     babel-node ./server/server.js
23 error You can get information on how to open an issue for this project with:
23 error     npm bugs GasGasGas
23 error Or if that isn't available, you can get their info via:
23 error     npm owner ls GasGasGas
23 error There is likely additional logging output above.
24 verbose exit [ 1, true ]
